"../../../../../../Users/s208043/source/repos/GraphicsDemoDungeon/Content/BP_Torch.uasset" 0
"../../../../../../Users/s208043/source/repos/GraphicsDemoDungeon/Content/Characters/SwatMan/Materials/Ch15_1001_Diffuse.uasset" 1
"../../../../../../Users/s208043/source/repos/GraphicsDemoDungeon/Content/Characters/SwatMan/Ch15_1001_Diffuse.uasset" 2
"../../../../../../Users/s208043/source/repos/GraphicsDemoDungeon/Content/Characters/SwatMan/Materials/Ch15_1001_Glossiness.uasset" 3
"../../../../../../Users/s208043/source/repos/GraphicsDemoDungeon/Content/Characters/SwatMan/Ch15_1001_Glossiness.uasset" 4
"../../../../../../Users/s208043/source/repos/GraphicsDemoDungeon/Content/Characters/SwatMan/Materials/Ch15_1001_Normal.uasset" 5
"../../../../../../Users/s208043/source/repos/GraphicsDemoDungeon/Content/Characters/SwatMan/Ch15_1001_Normal.uasset" 6
"../../../../../../Users/s208043/source/repos/GraphicsDemoDungeon/Content/Characters/SwatMan/Materials/Ch15_1001_Specular.uasset" 7
"../../../../../../Users/s208043/source/repos/GraphicsDemoDungeon/Content/Characters/SwatMan/Ch15_1001_Specular.uasset" 8
"../../../../../../Users/s208043/source/repos/GraphicsDemoDungeon/Content/Characters/SwatMan/Materials/Ch15_1002_Diffuse.uasset" 9
"../../../../../../Users/s208043/source/repos/GraphicsDemoDungeon/Content/Characters/SwatMan/Ch15_1002_Diffuse.uasset" 10
"../../../../../../Users/s208043/source/repos/GraphicsDemoDungeon/Content/Characters/SwatMan/Materials/Ch15_1002_Emissive.uasset" 11
"../../../../../../Users/s208043/source/repos/GraphicsDemoDungeon/Content/Characters/SwatMan/Ch15_1002_Emissive.uasset" 12
"../../../../../../Users/s208043/source/repos/GraphicsDemoDungeon/Content/Characters/SwatMan/Materials/Ch15_1002_Glossiness.uasset" 13
"../../../../../../Users/s208043/source/repos/GraphicsDemoDungeon/Content/Characters/SwatMan/Ch15_1002_Glossiness.uasset" 14
"../../../../../../Users/s208043/source/repos/GraphicsDemoDungeon/Content/Characters/SwatMan/Materials/Ch15_1002_Normal.uasset" 15
"../../../../../../Users/s208043/source/repos/GraphicsDemoDungeon/Content/Characters/SwatMan/Ch15_1002_Normal.uasset" 16
"../../../../../../Users/s208043/source/repos/GraphicsDemoDungeon/Content/Characters/SwatMan/Materials/Ch15_1002_Specular.uasset" 17
"../../../../../../Users/s208043/source/repos/GraphicsDemoDungeon/Content/Characters/SwatMan/Ch15_1002_Specular.uasset" 18
"../../../Engine/Content/Animation/DefaultAnimBoneCompressionSettings.uasset" 19
"../../../../../../Users/s208043/source/repos/GraphicsDemoDungeon/Content/Characters/SwatMan/SM_Skeleton.uasset" 20
"../../../../../../Users/s208043/source/repos/GraphicsDemoDungeon/Content/Characters/SwatMan/Animations/Pointing.uasset" 21
"../../../../../../Users/s208043/source/repos/GraphicsDemoDungeon/Content/Characters/SwatMan/Animations/Breathing_Idle.uasset" 22
"../../../../../../Users/s208043/source/repos/GraphicsDemoDungeon/Content/Characters/SwatMan/Animations/Running.uasset" 23
"../../../../../../Users/s208043/source/repos/GraphicsDemoDungeon/Content/Characters/SwatMan/Animations/Walking.uasset" 24
"../../../../../../Users/s208043/source/repos/GraphicsDemoDungeon/Content/Characters/SwatMan/SM_AnimationBlend.uasset" 25
"../../../../../../Users/s208043/source/repos/GraphicsDemoDungeon/Content/Characters/SwatMan/Animations/Gangnam_Style.uasset" 26
"../../../../../../Users/s208043/source/repos/GraphicsDemoDungeon/Content/Characters/SwatMan/Animations/Gangnam_Style_Montage.uasset" 27
"../../../../../../Users/s208043/source/repos/GraphicsDemoDungeon/Content/Characters/SwatMan/Animations/Pointing_Montage.uasset" 28
"../../../../../../Users/s208043/source/repos/GraphicsDemoDungeon/Content/Characters/SwatMan/Animations/Shrugging.uasset" 29
"../../../../../../Users/s208043/source/repos/GraphicsDemoDungeon/Content/Characters/SwatMan/Animations/Shrugging_Montage.uasset" 30
"../../../Engine/Content/EditorBlueprintResources/StandardMacros.uasset" 31
"../../../../../../Users/s208043/source/repos/GraphicsDemoDungeon/Content/Characters/SwatMan/Materials/SM_body.uasset" 32
"../../../../../../Users/s208043/source/repos/GraphicsDemoDungeon/Content/Characters/SwatMan/SM_body.uasset" 33
"../../../../../../Users/s208043/source/repos/GraphicsDemoDungeon/Content/Characters/SwatMan/Materials/SM_body1.uasset" 34
"../../../../../../Users/s208043/source/repos/GraphicsDemoDungeon/Content/Characters/SwatMan/SM_body1.uasset" 35
"../../../../../../Users/s208043/source/repos/GraphicsDemoDungeon/Content/Characters/SwatMan/SM_PhysicsAsset.uasset" 36
"../../../../../../Users/s208043/source/repos/GraphicsDemoDungeon/Content/Characters/SwatMan/SK_SwatMan.uasset" 37
"../../../../../../Users/s208043/source/repos/GraphicsDemoDungeon/Content/Characters/SwatMan/Materials/Dance.uasset" 38
"../../../../../../Users/s208043/source/repos/GraphicsDemoDungeon/Content/Characters/SwatMan/Materials/point.uasset" 39
"../../../../../../Users/s208043/source/repos/GraphicsDemoDungeon/Content/Characters/SwatMan/Materials/Shrug.uasset" 40
"../../../../../../Users/s208043/source/repos/GraphicsDemoDungeon/Content/UI/EmoteSelector.uasset" 41
"../../../../../../Users/s208043/source/repos/GraphicsDemoDungeon/Content/Characters/SwatMan/SM_Character.uasset" 42
"../../../../../../Users/s208043/source/repos/GraphicsDemoDungeon/Content/Characters/SwatMan/SM_Anim_BP.uasset" 43
"../../../../../../Users/s208043/source/repos/GraphicsDemoDungeon/Content/Characters/SwatMan/SwatMan_Anim_BP.uasset" 44
"../../../../../../Users/s208043/source/repos/GraphicsDemoDungeon/Content/Characters/XBot/xbot_Skeleton.uasset" 45
"../../../../../../Users/s208043/source/repos/GraphicsDemoDungeon/Content/Characters/Xbot/Animation/SK_XBot_Gaming.uasset" 46
"../../../../../../Users/s208043/source/repos/GraphicsDemoDungeon/Content/Characters/Xbot/Animation/SK_XBot_Idle.uasset" 47
"../../../../../../Users/s208043/source/repos/GraphicsDemoDungeon/Content/Characters/Xbot/Animation/SK_XBot_Walking.uasset" 48
"../../../../../../Users/s208043/source/repos/GraphicsDemoDungeon/Content/Characters/Xbot/Animation/SK_XBot_Left_Strafe.uasset" 49
"../../../../../../Users/s208043/source/repos/GraphicsDemoDungeon/Content/Characters/Xbot/Animation/SK_XBot_Left_Strafe_Walking.uasset" 50
"../../../../../../Users/s208043/source/repos/GraphicsDemoDungeon/Content/Characters/Xbot/Animation/SK_XBot_Right_Strafe.uasset" 51
"../../../../../../Users/s208043/source/repos/GraphicsDemoDungeon/Content/Characters/Xbot/Animation/SK_XBot_Right_Strafe_Walk.uasset" 52
"../../../../../../Users/s208043/source/repos/GraphicsDemoDungeon/Content/Characters/Xbot/Animation/SK_XBot_Run.uasset" 53
"../../../../../../Users/s208043/source/repos/GraphicsDemoDungeon/Content/Characters/Xbot/Animation/SK_XBot_Running_Backward.uasset" 54
"../../../../../../Users/s208043/source/repos/GraphicsDemoDungeon/Content/Characters/Xbot/Animation/SK_XBot_Slow_Jog_Backwards.uasset" 55
"../../../../../../Users/s208043/source/repos/GraphicsDemoDungeon/Content/Characters/Xbot/Animation/SK_XBot_Locomotion.uasset" 56
"../../../../../../Users/s208043/source/repos/GraphicsDemoDungeon/Content/Characters/Xbot/SK_XBot_AnimBP.uasset" 57
"../../../../../../Users/s208043/source/repos/GraphicsDemoDungeon/Content/Characters/Xbot/M_Joints_MAT.uasset" 58
"../../../../../../Users/s208043/source/repos/GraphicsDemoDungeon/Content/Characters/Xbot/M_Limbs.uasset" 59
"../../../../../../Users/s208043/source/repos/GraphicsDemoDungeon/Content/Characters/Xbot/SK_xbot_PhysicsAsset.uasset" 60
"../../../../../../Users/s208043/source/repos/GraphicsDemoDungeon/Content/Characters/Xbot/SK_xbot.uasset" 61
"../../../../../../Users/s208043/source/repos/GraphicsDemoDungeon/Content/Characters/Xbot/BP_Xbot_Pawn.uasset" 62
"../../../../../../Users/s208043/source/repos/GraphicsDemoDungeon/Content/Characters/Xbot/BP_Xbot_Actor.uasset" 63
"../../../../../../Users/s208043/source/repos/GraphicsDemoDungeon/Content/Characters/Xbot/Animation/SK_XBot_NailCheck_Idle.uasset" 64
"../../../../../../Users/s208043/source/repos/GraphicsDemoDungeon/Content/Characters/Xbot/Animation/Dwarf_Idle.uasset" 65
"../../../../../../Users/s208043/source/repos/GraphicsDemoDungeon/Content/Characters/Xbot/Animation/SK_XBot_Swatting_Idle.uasset" 66
"../../../../../../Users/s208043/source/repos/GraphicsDemoDungeon/Content/Characters/Xbot/Animation/Dwarf_Idle_1_.uasset" 67
"../../../../../../Users/s208043/source/repos/GraphicsDemoDungeon/Content/Characters/Xbot/Animation/Idle.uasset" 68
"../../../../../../Users/s208043/source/repos/GraphicsDemoDungeon/Content/Characters/Xbot/Animation/Left_Strafe.uasset" 69
"../../../../../../Users/s208043/source/repos/GraphicsDemoDungeon/Content/Characters/Xbot/Animation/Left_Strafe_Walking.uasset" 70
"../../../../../../Users/s208043/source/repos/GraphicsDemoDungeon/Content/Characters/Xbot/Animation/Right_Strafe.uasset" 71
"../../../../../../Users/s208043/source/repos/GraphicsDemoDungeon/Content/Characters/Xbot/Animation/Right_Strafe_Walk.uasset" 72
"../../../../../../Users/s208043/source/repos/GraphicsDemoDungeon/Content/Characters/Xbot/Animation/Running_Backward.uasset" 73
"../../../../../../Users/s208043/source/repos/GraphicsDemoDungeon/Content/Characters/Xbot/Animation/Run_Backward.uasset" 74
"../../../../../../Users/s208043/source/repos/GraphicsDemoDungeon/Content/Characters/Xbot/Animation/SK_XBot_Sitting_Clap.uasset" 75
"../../../../../../Users/s208043/source/repos/GraphicsDemoDungeon/Content/Characters/Xbot/Animation/Sitting_Clap.uasset" 76
"../../../../../../Users/s208043/source/repos/GraphicsDemoDungeon/Content/Characters/Xbot/Animation/SK_XBot_Sitting_Disbelief.uasset" 77
"../../../../../../Users/s208043/source/repos/GraphicsDemoDungeon/Content/Characters/Xbot/Animation/Sitting_Disbelief.uasset" 78
"../../../../../../Users/s208043/source/repos/GraphicsDemoDungeon/Content/Characters/Xbot/Animation/SK_XBot_Standing_Arguing.uasset" 79
"../../../../../../Users/s208043/source/repos/GraphicsDemoDungeon/Content/Characters/Xbot/Animation/SK_XBot_Talking.uasset" 80
"../../../../../../Users/s208043/source/repos/GraphicsDemoDungeon/Content/Characters/Xbot/Animation/SK_XBot_IdleChatting_AnimBP.uasset" 81
"../../../../../../Users/s208043/source/repos/GraphicsDemoDungeon/Content/Characters/Xbot/Animation/SK_XBot_IdleChatting.uasset" 82
"../../../../../../Users/s208043/source/repos/GraphicsDemoDungeon/Content/Characters/Xbot/Animation/SK_XBot_Angry_Gesture.uasset" 83
"../../../../../../Users/s208043/source/repos/GraphicsDemoDungeon/Content/Characters/Xbot/Animation/SK_XBot_Sitting_AnimBP.uasset" 84
"../../../../../../Users/s208043/source/repos/GraphicsDemoDungeon/Content/Characters/Xbot/Animation/SK_XBot_SittingAnimBP.uasset" 85
"../../../../../../Users/s208043/source/repos/GraphicsDemoDungeon/Content/Characters/Xbot/Animation/SK_XBot_GamingAndSitting.uasset" 86
"../../../../../../Users/s208043/source/repos/GraphicsDemoDungeon/Content/Characters/Xbot/Animation/SK_XBot_Idle_Sitting.uasset" 87
"../../../../../../Users/s208043/source/repos/GraphicsDemoDungeon/Content/Characters/Xbot/Animation/Slow_Jog_Backwards.uasset" 88
"../../../../../../Users/s208043/source/repos/GraphicsDemoDungeon/Content/Characters/Xbot/Animation/Standing_Arguing.uasset" 89
"../../../../../../Users/s208043/source/repos/GraphicsDemoDungeon/Content/Characters/Xbot/Animation/Talking.uasset" 90
"../../../../../../Users/s208043/source/repos/GraphicsDemoDungeon/Content/Characters/Xbot/Animation/Walking.uasset" 91
"../../../../../../Users/s208043/source/repos/GraphicsDemoDungeon/Content/Characters/Xbot/Animation/SK_XBot_Yelling.uasset" 92
"../../../../../../Users/s208043/source/repos/GraphicsDemoDungeon/Content/Characters/Xbot/Animation/Yelling.uasset" 93
"../../../../../../Users/s208043/source/repos/GraphicsDemoDungeon/Content/Environment/Materials/M_Demo.uasset" 94
"../../../../../../Users/s208043/source/repos/GraphicsDemoDungeon/Content/Environment/Terrain/leafy-grass2-ao.uasset" 95
"../../../../../../Users/s208043/source/repos/GraphicsDemoDungeon/Content/Environment/Terrain/leafy-grass2-height.uasset" 96
"../../../../../../Users/s208043/source/repos/GraphicsDemoDungeon/Content/Environment/Terrain/leafy-grass2-metallic.uasset" 97
"../../../../../../Users/s208043/source/repos/GraphicsDemoDungeon/Content/Environment/Terrain/leafy-grass2-roughness.uasset" 98
"../../../../../../Users/s208043/source/repos/GraphicsDemoDungeon/Content/Environment/Terrain/worn-down-stone-path_albedo.uasset" 99
"../../../../../../Users/s208043/source/repos/GraphicsDemoDungeon/Content/Environment/Torch/Racon.uasset" 100
"../../../../../../Users/s208043/source/repos/GraphicsDemoDungeon/Content/Environment/Terrain/MF_LandscapeBlend.uasset" 101
"../../../../../../Users/s208043/source/repos/GraphicsDemoDungeon/Content/Environment/Terrain/leafy-grass2-normal-dx.uasset" 102
"../../../../../../Users/s208043/source/repos/GraphicsDemoDungeon/Content/Environment/Terrain/MF_LandscapeNormalBlend.uasset" 103
"../../../Engine/Content/EngineMaterials/WeightMapPlaceholderTexture.uasset" 104
"../../../../../../Users/s208043/source/repos/GraphicsDemoDungeon/Content/Environment/Terrain/leafy-grass2-albedo.uasset" 105
"../../../../../../Users/s208043/source/repos/GraphicsDemoDungeon/Content/Environment/Terrain/sand1-albedo.uasset" 106
"../../../../../../Users/s208043/source/repos/GraphicsDemoDungeon/Content/Environment/Terrain/sand1-normal-ue.uasset" 107
"../../../../../../Users/s208043/source/repos/GraphicsDemoDungeon/Content/Environment/Terrain/worn-down-stone-path_normal-dx.uasset" 108
"../../../../../../Users/s208043/source/repos/GraphicsDemoDungeon/Content/Environment/Terrain/M_Landscape.uasset" 109
"../../../../../../Users/s208043/source/repos/GraphicsDemoDungeon/Content/Environment/Terrain/MI_Landscape_Dessert.uasset" 110
"../../../../../../Users/s208043/source/repos/GraphicsDemoDungeon/Content/Environment/Terrain/M_Terrain.uasset" 111
"../../../../../../Users/s208043/source/repos/GraphicsDemoDungeon/Content/Environment/Terrain/MI_Terrarian_Dessert.uasset" 112
"../../../../../../Users/s208043/source/repos/GraphicsDemoDungeon/Content/Environment/Terrain/sand1-metalness.uasset" 113
"../../../../../../Users/s208043/source/repos/GraphicsDemoDungeon/Content/Environment/Terrain/sand1-roughness.uasset" 114
"../../../../../../Users/s208043/source/repos/GraphicsDemoDungeon/Content/Environment/Terrain/Sand.uasset" 115
"../../../../../../Users/s208043/source/repos/GraphicsDemoDungeon/Content/Environment/Terrain/worn-down-stone-path_ao.uasset" 116
"../../../../../../Users/s208043/source/repos/GraphicsDemoDungeon/Content/Environment/Terrain/worn-down-stone-path_height.uasset" 117
"../../../../../../Users/s208043/source/repos/GraphicsDemoDungeon/Content/Environment/Terrain/worn-down-stone-path_metallic.uasset" 118
"../../../../../../Users/s208043/source/repos/GraphicsDemoDungeon/Content/Environment/Terrain/worn-down-stone-path_roughness.uasset" 119
"../../../Engine/Content/Animation/DefaultAnimCurveCompressionSettings.uasset" 120
"../../../Engine/Content/Functions/Engine_MaterialFunctions01/Opacity/CameraDepthFade.uasset" 121
"../../../Engine/Content/EngineMaterials/T_Default_Material_Grid_M.uasset" 122
"../../../Engine/Content/EngineMaterials/T_Default_Material_Grid_N.uasset" 123
"../../../Engine/Content/EngineMaterials/WorldGridMaterial.uasset" 124
"../../../Engine/Content/ArtTools/RenderToTexture/Meshes/S_1_Unit_Plane.uasset" 125
"../../../Engine/Content/EngineMaterials/DefaultMaterial.uasset" 126
"../../../Engine/Content/BasicShapes/Cone.uasset" 127
"../../../Engine/Content/BasicShapes/Cube.uasset" 128
"../../../Engine/Content/BasicShapes/Cylinder.uasset" 129
"../../../Engine/Content/BasicShapes/Plane.uasset" 130
"../../../Engine/Content/BasicShapes/Sphere.uasset" 131
"../../../Engine/Content/EditorLandscapeResources/DataLayer.uasset" 132
"../../../Engine/Content/EditorMaterials/MAT_Groups_Toggle.uasset" 133
"../../../Engine/Content/EditorMaterials/MAT_Groups_Visibility.uasset" 134
"../../../Engine/Content/EditorMaterials/PreviewShadowIndicator.uasset" 135
"../../../Engine/Content/EditorMaterials/PreviewShadowIndicatorMaterial.uasset" 136
"../../../Engine/Content/EditorMaterials/MatineeGroups/MAT_ColorTrack.uasset" 137
"../../../Engine/Content/EditorMaterials/MatineeGroups/MAT_Groups_Anim.uasset" 138
"../../../Engine/Content/EditorMaterials/MatineeGroups/MAT_Groups_AudioMaster.uasset" 139
"../../../Engine/Content/EditorMaterials/MatineeGroups/MAT_Groups_Director.uasset" 140
"../../../Engine/Content/EditorMaterials/MatineeGroups/MAT_Groups_Event.uasset" 141
"../../../Engine/Content/EditorMaterials/MatineeGroups/MAT_Groups_Fade.uasset" 142
"../../../Engine/Content/EditorMaterials/MatineeGroups/MAT_Groups_Float.uasset" 143
"../../../Engine/Content/EditorMaterials/MatineeGroups/MAT_Groups_Move.uasset" 144
"../../../Engine/Content/EditorMaterials/MatineeGroups/MAT_Groups_Slomo.uasset" 145
"../../../Engine/Content/EditorMaterials/MatineeGroups/MAT_Groups_Sound.uasset" 146
"../../../Engine/Content/EditorMaterials/MatineeGroups/MAT_Groups_Vector.uasset" 147
"../../../Engine/Content/EditorMaterials/ParticleSystems/PSysThumbnail_NoImage.uasset" 148
"../../../Engine/Content/EditorMaterials/ParticleSystems/PSysThumbnail_OOD.uasset" 149
"../../../Engine/Content/EditorMaterials/Camera/CineMat.uasset" 150
"../../../Engine/Content/EditorMaterials/Camera/MI_CineMat_Rig.uasset" 151
"../../../Engine/Content/EditorMeshes/Camera/SM_CraneRig_Arm.uasset" 152
"../../../Engine/Content/EditorMeshes/Camera/SM_CraneRig_Base.uasset" 153
"../../../Engine/Content/EditorMeshes/Camera/SM_CraneRig_Body.uasset" 154
"../../../Engine/Content/EditorMeshes/Camera/SM_CraneRig_Mount.uasset" 155
"../../../Engine/Content/EditorMeshes/Camera/SM_RailRig_Mount.uasset" 156
"../../../Engine/Content/EditorMeshes/Camera/SM_RailRig_Track.uasset" 157
"../../../Engine/Content/EditorResources/BSPVertex.uasset" 158
"../../../Engine/Content/EditorResources/EmptyActor.uasset" 159
"../../../Engine/Content/EditorResources/S_Actor.uasset" 160
"../../../Engine/Content/EditorResources/S_Note.uasset" 161
"../../../Engine/Content/EditorResources/S_Solver.uasset" 162
"../../../Engine/Content/EditorResources/S_Trigger.uasset" 163
"../../../Engine/Content/EditorResources/LightIcons/S_LightError.uasset" 164
"../../../Engine/Content/EditorResources/SequenceRecorder/Countdown.uasset" 165
"../../../Engine/Content/EditorResources/SequenceRecorder/RecordingIndicator.uasset" 166
"../../../Engine/Content/EditorSounds/Notifications/CompileFailed.uasset" 167
"../../../Engine/Content/EditorSounds/Notifications/CompileFailed_Cue.uasset" 168
"../../../Engine/Content/EditorSounds/Notifications/CompileSuccess.uasset" 169
"../../../Engine/Content/EditorSounds/Notifications/CompileStart_Cue.uasset" 170
"../../../Engine/Content/EditorSounds/Notifications/CompileSuccess_Cue.uasset" 171
"../../../Engine/Content/EngineDamageTypes/DmgTypeBP_Environmental.uasset" 172
"../../../Engine/Content/EngineDebugMaterials/DebugEditorMaterial.uasset" 173
"../../../Engine/Content/EngineDebugMaterials/DebugMeshMaterial.uasset" 174
"../../../Engine/Content/EngineDebugMaterials/M_SimpleUnlitTranslucent.uasset" 175
"../../../Engine/Content/Functions/Engine_MaterialFunctions02/Utility/CameraDirectionVector.uasset" 176
"../../../Engine/Content/EngineDebugMaterials/VolumeToRender.uasset" 177
"../../../Engine/Content/EngineDebugMaterials/M_VolumeRenderSphereTracePP.uasset" 178
"../../../Engine/Content/EngineDebugMaterials/WireframeMaterial.uasset" 179
"../../../Engine/Content/EngineFonts/Faces/DroidSansFallback.uasset" 180
"../../../Engine/Content/EngineFonts/Faces/RobotoBold.uasset" 181
"../../../Engine/Content/EngineFonts/Faces/RobotoBoldItalic.uasset" 182
"../../../Engine/Content/EngineFonts/Faces/RobotoItalic.uasset" 183
"../../../Engine/Content/EngineFonts/Faces/RobotoLight.uasset" 184
"../../../Engine/Content/EngineFonts/Faces/RobotoRegular.uasset" 185
"../../../Engine/Content/EngineFonts/Roboto.uasset" 186
"../../../Engine/Content/EngineMaterials/BaseFlattenDiffuseMap.uasset" 187
"../../../Engine/Content/EngineMaterials/BaseFlattenEmissiveMap.uasset" 188
"../../../Engine/Content/EngineMaterials/BaseFlattenGrayscaleMap.uasset" 189
"../../../Engine/Content/EngineMaterials/BaseFlattenNormalMap.uasset" 190
"../../../Engine/Content/EngineMaterials/BaseFlattenMaterial.uasset" 191
"../../../Engine/Content/EngineMaterials/BlueNoise.uasset" 192
"../../../Engine/Content/EngineMaterials/DefaultBloomKernel.uasset" 193
"../../../Engine/Content/EngineMaterials/DefaultBokeh.uasset" 194
"../../../Engine/Content/EngineMaterials/DefaultDiffuse.uasset" 195
"../../../Engine/Content/EngineMaterials/DefaultDeferredDecalMaterial.uasset" 196
"../../../Engine/Content/EngineMaterials/DefaultLightFunctionMaterial.uasset" 197
"../../../Engine/Content/Functions/Engine_MaterialFunctions02/Utility/BreakOutFloat2Components.uasset" 198
"../../../Engine/Content/EngineMaterials/DefaultPostProcessMaterial.uasset" 199
"../../../Engine/Content/EngineFonts/RobotoDistanceField.uasset" 200
"../../../Engine/Content/EngineMaterials/DefaultTextMaterialOpaque.uasset" 201
"../../../Engine/Content/EngineMaterials/DefaultWhiteGrid.uasset" 202
"../../../Engine/Content/EngineMaterials/DefaultWhiteGrid_Low.uasset" 203
"../../../Engine/Content/EngineMaterials/EmissiveMeshMaterial.uasset" 204
"../../../Engine/Content/EngineMaterials/GizmoMaterial.uasset" 205
"../../../Engine/Content/EngineMaterials/Good64x64TilingNoiseHighFreq.uasset" 206
"../../../Engine/Content/EngineMaterials/MiniFont.uasset" 207
"../../../Engine/Content/EngineMaterials/InvalidLightmapSettings.uasset" 208
"../../../Engine/Content/EngineMaterials/M_InvalidLightmapSettings.uasset" 209
"../../../Engine/Content/Functions/Engine_MaterialFunctions02/WorldPositionOffset/CameraOffset.uasset" 210
"../../../Engine/Content/EngineMaterials/PhAT_JointLimitMaterial.uasset" 211
"../../../Engine/Content/EngineMaterials/PreintegratedSkinBRDF.uasset" 212
"../../../Engine/Content/EngineMaterials/RemoveSurfaceMaterial.uasset" 213
"../../../Engine/Content/EngineResources/WhiteSquareTexture.uasset" 214
"../../../Engine/Content/EngineMaterials/Widget3DPassThrough.uasset" 215
"../../../Engine/Content/EngineMaterials/Widget3DPassThrough_Masked.uasset" 216
"../../../Engine/Content/EngineMaterials/Widget3DPassThrough_Opaque.uasset" 217
"../../../Engine/Content/EngineMaterials/Widget3DPassThrough_Masked_OneSided.uasset" 218
"../../../Engine/Content/EngineMaterials/Widget3DPassThrough_Opaque_OneSided.uasset" 219
"../../../Engine/Content/EngineMaterials/Widget3DPassThrough_Translucent.uasset" 220
"../../../Engine/Content/EngineMaterials/Widget3DPassThrough_Translucent_OneSided.uasset" 221
"../../../Engine/Content/EngineMeshes/Cylinder.uasset" 222
"../../../Engine/Content/EngineMeshes/Sphere.uasset" 223
"../../../Engine/Content/EngineResources/Black.uasset" 224
"../../../Engine/Content/EngineResources/DefaultTexture.uasset" 225
"../../../Engine/Content/EngineResources/DefaultTextureCube.uasset" 226
"../../../Engine/Content/EngineResources/DefaultVolumeTexture2D.uasset" 227
"../../../Engine/Content/EngineResources/DefaultVolumeTexture.uasset" 228
"../../../Engine/Content/EngineResources/GradientTexture0.uasset" 229
"../../../Engine/Content/EngineSounds/Master.uasset" 230
"../../../Engine/Content/Functions/Engine_MaterialFunctions01/Shading/ConvertFromDiffSpec.uasset" 231
"../../../Engine/Content/Functions/Engine_MaterialFunctions01/Shading/PowerToRoughness.uasset" 232
"../../../Engine/Content/Maps/Templates/Thumbnails/Default.uasset" 233
"../../../Engine/Content/Maps/Templates/Thumbnails/TimeOfDay.uasset" 234
"../../../Engine/Content/Maps/Templates/Thumbnails/VR-Basic.uasset" 235
"../../../Engine/Content/MobileResources/T_MobileControls_texture.uasset" 236
"../../../Engine/Content/MobileResources/T_MobileMenu2.uasset" 237
"../../../Engine/Content/MobileResources/HUD/AnalogHat.uasset" 238
"../../../Engine/Content/MobileResources/HUD/VirtualJoystick_Background.uasset" 239
"../../../Engine/Content/MobileResources/HUD/VirtualJoystick_Thumb.uasset" 240
"../../../Engine/Content/MobileResources/HUD/DefaultVirtualJoysticks.uasset" 241
"../../../Engine/Content/MobileResources/HUD/LeftVirtualJoystickOnly.uasset" 242
"../../../Engine/Content/MobileResources/HUD/MobileHUDButton1_off.uasset" 243
"../../../Engine/Content/MobileResources/HUD/MobileHUDButton1_on.uasset" 244
"../../../Engine/Content/MobileResources/HUD/MobileHUDButton2_off.uasset" 245
"../../../Engine/Content/MobileResources/HUD/MobileHUDButton2_on.uasset" 246
"../../../Engine/Content/MobileResources/HUD/MobileHUDButton3.uasset" 247
"../../../Engine/Content/MobileResources/HUD/MobileHUDButtonFire.uasset" 248
"../../../Engine/Content/MobileResources/HUD/MobileHUDDirectionPad.uasset" 249
"../../../Engine/Content/MobileResources/HUD/MobileHUDDirectionPad2.uasset" 250
"../../../Engine/Content/MobileResources/HUD/MobileHUDDirectionPad3.uasset" 251
"../../../Engine/Content/MobileResources/HUD/MobileHUDDirectionStick.uasset" 252
"../../../Engine/Content/MobileResources/HUD/T_Castle_ThumbstickInner.uasset" 253
"../../../Engine/Content/MobileResources/HUD/T_Castle_ThumbstickOutter.uasset" 254
"../../../Engine/Content/Tutorial/ContentIntroCurve.uasset" 255
"../../../Engine/Content/Tutorial/Basics/LevelEditorAttract.uasset" 256
"../../../Engine/Content/Tutorial/Basics/TutorialAssets/icon_tab_Levels_40x.uasset" 257
"../../../Engine/Content/Tutorial/Basics/LevelEditorOverview.uasset" 258
"../../../Engine/Content/Tutorial/Landscape/TutorialAssets/Landscape.uasset" 259
"../../../Engine/Content/Tutorial/Landscape/LandscapeWalkThrough.uasset" 260
"../../../Engine/Content/Tutorial/Landscape/Landscape_Manage_Mode.uasset" 261
"../../../Engine/Content/Tutorial/Landscape/Landscape_Painting_Mode.uasset" 262
"../../../Engine/Content/Tutorial/Landscape/Landscape_Sculpt_Mode.uasset" 263
"../../../Engine/Content/VREditor/LaserPointer/VR_LaserPower_01.uasset" 264
"../../../Engine/Content/VREditor/TransformGizmo/TransformGizmoMaterial.uasset" 265
"../../../Engine/Content/VREditor/TransformGizmo/TranslucentTransformGizmoMaterial.uasset" 266
"../../../Engine/Content/VREditor/TransformGizmo/BoundingBoxCorner.uasset" 267
"../../../Engine/Content/VREditor/TransformGizmo/BoundingBoxEdge.uasset" 268
"../../../Engine/Content/VREditor/TransformGizmo/PlaneTranslationHandle.uasset" 269
"../../../Engine/Content/VREditor/TransformGizmo/Main.uasset" 270
"../../../Engine/Content/VREditor/TransformGizmo/Xray.uasset" 271
"../../../Engine/Content/VREditor/TransformGizmo/SM_Sequencer_Key.uasset" 272
"../../../Engine/Content/VREditor/TransformGizmo/SM_Sequencer_Node.uasset" 273
"../../Plugins/2D/Paper2D/Content/PlaceholderTextures/DummySpriteTexture.uasset" 274
"../../Plugins/2D/Paper2D/Content/DummySprite.uasset" 275
"../../Plugins/2D/Paper2D/Content/DefaultPaperTerrainMaterial.uasset" 276
"../../Plugins/2D/Paper2D/Content/DefaultSpriteMaterial.uasset" 277
"../../Plugins/2D/Paper2D/Content/MaskedUnlitSpriteMaterial.uasset" 278
"../../Plugins/2D/Paper2D/Content/OpaqueUnlitSpriteMaterial.uasset" 279
"../../Plugins/FX/Niagara/Content/Enums/ENiagaraBooleanLogicOps.uasset" 280
"../../Plugins/FX/Niagara/Content/Enums/ENiagaraCoordinateSpace.uasset" 281
"../../Plugins/FX/Niagara/Content/Enums/ENiagaraExpansionMode.uasset" 282
"../../Plugins/FX/Niagara/Content/Enums/ENiagaraOrientationAxis.uasset" 283
"../../Plugins/FX/Niagara/Content/Enums/ENiagaraRandomnessMode.uasset" 284
"../../../Engine/Content/Functions/Engine_MaterialFunctions02/Utility/BreakOutFloat4Components.uasset" 285
"../../../Engine/Content/Functions/Engine_MaterialFunctions02/Utility/MakeFloat2.uasset" 286
"../../../Engine/Content/Functions/Engine_MaterialFunctions02/Utility/MakeFloat3.uasset" 287
"../../Plugins/Runtime/Oculus/OculusVR/Content/Materials/OculusMR_ChromaKey.uasset" 288
"../../Plugins/Runtime/Oculus/OculusVR/Content/Materials/OculusMR_ChromaKey_Lit.uasset" 289
"../../Plugins/Runtime/Oculus/OculusVR/Content/Materials/OculusMR_OpaqueColoredMaterial.uasset" 290
"../../Plugins/Runtime/Oculus/OculusVR/Content/Materials/OculusMR_WhiteMaterial.uasset" 291
"../../../../../../Users/s208043/source/repos/GraphicsDemoDungeon/Content/Characters/Xbot/Animation/SK_XBot_SittingIdle.uasset" 292
"../../../Engine/Content/EngineSky/C_Sky_Cloud_Color.uasset" 293
"../../../Engine/Content/EngineSky/C_Sky_Horizon_Color.uasset" 294
"../../../Engine/Content/EngineSky/C_Sky_Zenith_Color.uasset" 295
"../../../Engine/Content/EngineSky/T_Sky_Blue.uasset" 296
"../../../Engine/Content/EngineSky/T_Sky_Clouds_M.uasset" 297
"../../../Engine/Content/EngineSky/T_Sky_Stars.uasset" 298
"../../../Engine/Content/EngineSky/M_Sky_Panning_Clouds2.uasset" 299
"../../../Engine/Content/EngineSky/SM_SkySphere.uasset" 300
"../../../Engine/Content/EngineSky/BP_Sky_Sphere.uasset" 301
"../../../../../../Users/s208043/source/repos/GraphicsDemoDungeon/Content/Environment/Torch/Flame.uasset" 302
"../../../../../../Users/s208043/source/repos/GraphicsDemoDungeon/Content/Environment/Torch/M_Flame.uasset" 303
"../../../../../../Users/s208043/source/repos/GraphicsDemoDungeon/Content/Environment/Torch/PS_Fire.uasset" 304
"../../../../../../Users/s208043/source/repos/GraphicsDemoDungeon/Content/Environment/Torch/BP_Torch.uasset" 305
"../../../../../../Users/s208043/source/repos/GraphicsDemoDungeon/Content/GM_XBot.uasset" 306
"../../../../../../Users/s208043/source/repos/GraphicsDemoDungeon/Content/DungeonMap_sharedassets/Grass_LayerInfo.uasset" 307
"../../../../../../Users/s208043/source/repos/GraphicsDemoDungeon/Content/DungeonMap_sharedassets/Ground_LayerInfo.uasset" 308
"../../../../../../Users/s208043/source/repos/GraphicsDemoDungeon/Content/DungeonMap_sharedassets/Path_LayerInfo.uasset" 309
"../../../../../../Users/s208043/source/repos/GraphicsDemoDungeon/Content/DungeonMap_BuiltData.uasset" 310
"../../../../../../Users/s208043/source/repos/GraphicsDemoDungeon/Content/Environment/Materials/Black.uasset" 311
"../../../../../../Users/s208043/source/repos/GraphicsDemoDungeon/Content/Environment/Materials/Stone.uasset" 312
"../../../../../../Users/s208043/source/repos/GraphicsDemoDungeon/Content/Environment/Materials/Wood.uasset" 313
"../../../../../../Users/s208043/source/repos/GraphicsDemoDungeon/Content/Environment/Structures/rock-slab-wall_ao.uasset" 314
"../../../../../../Users/s208043/source/repos/GraphicsDemoDungeon/Content/Environment/Structures/rock-slab-wall_metallic.uasset" 315
"../../../../../../Users/s208043/source/repos/GraphicsDemoDungeon/Content/Environment/Structures/rock-slab-wall_normal-dx.uasset" 316
"../../../../../../Users/s208043/source/repos/GraphicsDemoDungeon/Content/Environment/Structures/T_Wall_Block_Stone_AO.uasset" 317
"../../../../../../Users/s208043/source/repos/GraphicsDemoDungeon/Content/Environment/Structures/T_Wall_Block_Stone_D.uasset" 318
"../../../../../../Users/s208043/source/repos/GraphicsDemoDungeon/Content/Environment/Structures/T_Wall_Block_Stone_Height.uasset" 319
"../../../../../../Users/s208043/source/repos/GraphicsDemoDungeon/Content/Environment/Structures/T_Wall_Block_Stone_Mat.uasset" 320
"../../../../../../Users/s208043/source/repos/GraphicsDemoDungeon/Content/Environment/Torch/Racon_Mat.uasset" 321
"../../../Engine/Content/EngineMaterials/DefaultPhysicalMaterial.uasset" 322
"../../../../../../Users/s208043/source/repos/GraphicsDemoDungeon/Content/UI/PlayerUI.uasset" 323
"../../../../../../Users/s208043/source/repos/GraphicsDemoDungeon/Content/DungeonMap.umap" 324
"../../../Engine/Content/Maps/Entry_BuiltData.uasset" 325
"../../../Engine/Content/Maps/Entry.umap" 326
